<?xml version="1.0" encoding="UTF-8"?>
<testng-results skipped="0" failed="0" total="1" passed="1">
  <reporter-output>
  </reporter-output>
  <suite name="Default suite" duration-ms="4542" started-at="2016-08-12T16:45:54Z" finished-at="2016-08-12T16:45:58Z">
    <groups>
    </groups>
    <test name="Default test" duration-ms="4542" started-at="2016-08-12T16:45:54Z" finished-at="2016-08-12T16:45:58Z">
      <class name="Lesson7.Automation.HotelTest">
        <test-method status="PASS" signature="appstate()[pri:0, instance:Lesson7.Automation.HotelTest@121b0a2]" name="appstate" is-config="true" duration-ms="4286" started-at="2016-08-12T19:45:54Z" finished-at="2016-08-12T19:45:58Z">
          <reporter-output>
          </reporter-output>
        </test-method> <!-- appstate -->
        <test-method status="PASS" signature="testHotelGlobalRaitingValue()[pri:0, instance:Lesson7.Automation.HotelTest@121b0a2]" name="testHotelGlobalRaitingValue" duration-ms="230" started-at="2016-08-12T19:45:58Z" finished-at="2016-08-12T19:45:58Z">
          <reporter-output>
          </reporter-output>
        </test-method> <!-- testHotelGlobalRaitingValue -->
      </class> <!-- Lesson7.Automation.HotelTest -->
    </test> <!-- Default test -->
  </suite> <!-- Default suite -->
</testng-results>
